{"/home/daniel/code/python_src/projecteuler/js_src/solver001.js": {"path":"/home/daniel/code/python_src/projecteuler/js_src/solver001.js","statementMap":{"0":{"start":{"line":3,"column":24},"end":{"line":3,"column":45}},"1":{"start":{"line":8,"column":20},"end":{"line":8,"column":22}},"2":{"start":{"line":10,"column":4},"end":{"line":12,"column":30}},"3":{"start":{"line":10,"column":17},"end":{"line":10,"column":18}},"4":{"start":{"line":11,"column":8},"end":{"line":12,"column":30}},"5":{"start":{"line":12,"column":12},"end":{"line":12,"column":30}},"6":{"start":{"line":14,"column":4},"end":{"line":14,"column":21}},"7":{"start":{"line":19,"column":14},"end":{"line":19,"column":15}},"8":{"start":{"line":20,"column":4},"end":{"line":22,"column":5}},"9":{"start":{"line":20,"column":17},"end":{"line":20,"column":18}},"10":{"start":{"line":21,"column":8},"end":{"line":21,"column":22}},"11":{"start":{"line":23,"column":4},"end":{"line":23,"column":15}},"12":{"start":{"line":29,"column":17},"end":{"line":29,"column":48}},"13":{"start":{"line":30,"column":4},"end":{"line":30,"column":16}},"14":{"start":{"line":35,"column":0},"end":{"line":35,"column":57}}},"fnMap":{"0":{"name":"listMultiples","decl":{"start":{"line":7,"column":9},"end":{"line":7,"column":22}},"loc":{"start":{"line":7,"column":50},"end":{"line":15,"column":1}},"line":7},"1":{"name":"sumOverArray","decl":{"start":{"line":18,"column":9},"end":{"line":18,"column":21}},"loc":{"start":{"line":18,"column":27},"end":{"line":24,"column":1}},"line":18},"2":{"name":"timeIt","decl":{"start":{"line":28,"column":9},"end":{"line":28,"column":15}},"loc":{"start":{"line":28,"column":24},"end":{"line":31,"column":1}},"line":28}},"branchMap":{"0":{"loc":{"start":{"line":7,"column":23},"end":{"line":7,"column":34}},"type":"default-arg","locations":[{"start":{"line":7,"column":32},"end":{"line":7,"column":34}}],"line":7},"1":{"loc":{"start":{"line":7,"column":36},"end":{"line":7,"column":41}},"type":"default-arg","locations":[{"start":{"line":7,"column":40},"end":{"line":7,"column":41}}],"line":7},"2":{"loc":{"start":{"line":7,"column":43},"end":{"line":7,"column":48}},"type":"default-arg","locations":[{"start":{"line":7,"column":47},"end":{"line":7,"column":48}}],"line":7},"3":{"loc":{"start":{"line":11,"column":8},"end":{"line":12,"column":30}},"type":"if","locations":[{"start":{"line":11,"column":8},"end":{"line":12,"column":30}},{"start":{"line":11,"column":8},"end":{"line":12,"column":30}}],"line":11},"4":{"loc":{"start":{"line":11,"column":12},"end":{"line":11,"column":42}},"type":"binary-expr","locations":[{"start":{"line":11,"column":13},"end":{"line":11,"column":24}},{"start":{"line":11,"column":30},"end":{"line":11,"column":41}}],"line":11}},"s":{"0":1,"1":2,"2":2,"3":2,"4":40,"5":18,"6":2,"7":1,"8":1,"9":1,"10":4,"11":1,"12":1,"13":1,"14":1},"f":{"0":2,"1":1,"2":1},"b":{"0":[1],"1":[1],"2":[1],"3":[18,22],"4":[40,26]},"_coverageSchema":"43e27e138ebf9cfc5966b082cf9a028302ed4184","hash":"aedbf5cf4d3256206e712be70aa49403446c3696"}
}
